;;; 
Export: Release 21.0.0.0.0 - Production on Wed Oct 15 04:18:17 2025
Version 21.3.0.0.0

Copyright (c) 1982, 2021, Oracle and/or its affiliates.  All rights reserved.
;;; 
Connected to: Oracle Database 21c Express Edition Release 21.0.0.0.0 - Production
Starting "CLINICA_RESTORE"."SYS_EXPORT_SCHEMA_01":  clinica_restore/********@localhost/XEPDB1 DIRECTORY=BACKUP_DIR DUMPFILE=clinica_oracle_backup2.dmp LOGFILE=clinica_oracle_backup2.log SCHEMAS=CLINICA_RESTORE 
Processing object type SCHEMA_EXPORT/TABLE/TABLE_DATA
Processing object type SCHEMA_EXPORT/PACKAGE/PACKAGE_BODY
Processing object type SCHEMA_EXPORT/TABLE/INDEX/STATISTICS/INDEX_STATISTICS
Processing object type SCHEMA_EXPORT/TABLE/STATISTICS/TABLE_STATISTICS
Processing object type SCHEMA_EXPORT/STATISTICS/MARKER
Processing object type SCHEMA_EXPORT/PRE_SCHEMA/PROCACT_SCHEMA
Processing object type SCHEMA_EXPORT/SEQUENCE/SEQUENCE
Processing object type SCHEMA_EXPORT/TABLE/TABLE
Processing object type SCHEMA_EXPORT/TABLE/COMMENT
Processing object type SCHEMA_EXPORT/TABLE/IDENTITY_COLUMN
Processing object type SCHEMA_EXPORT/PACKAGE/PACKAGE_SPEC
Processing object type SCHEMA_EXPORT/PROCEDURE/PROCEDURE
Processing object type SCHEMA_EXPORT/PACKAGE/COMPILE_PACKAGE/PACKAGE_SPEC/ALTER_PACKAGE_SPEC
Processing object type SCHEMA_EXPORT/PROCEDURE/ALTER_PROCEDURE
Processing object type SCHEMA_EXPORT/TABLE/INDEX/INDEX
Processing object type SCHEMA_EXPORT/TABLE/CONSTRAINT/CONSTRAINT
Processing object type SCHEMA_EXPORT/TABLE/CONSTRAINT/REF_CONSTRAINT
Processing object type SCHEMA_EXPORT/TABLE/TRIGGER
. . exported "CLINICA_RESTORE"."PATIENTS"                33.71 KB     100 rows
. . exported "CLINICA_RESTORE"."APPOINTMENTS"            28.43 KB     100 rows
. . exported "CLINICA_RESTORE"."RECIPE_DETAILS"          27.96 KB     100 rows
. . exported "CLINICA_RESTORE"."DIAGNOSES"               27.23 KB     100 rows
. . exported "CLINICA_RESTORE"."PROCEDURES"              26.52 KB     100 rows
. . exported "CLINICA_RESTORE"."DOCTORS"                 25.87 KB     100 rows
. . exported "CLINICA_RESTORE"."MEDICINES"               24.88 KB     100 rows
. . exported "CLINICA_RESTORE"."SPECIALTIES"             11.15 KB     100 rows
. . exported "CLINICA_RESTORE"."PAYMENTS"                8.718 KB     100 rows
. . exported "CLINICA_RESTORE"."PRESCRIPTIONS"           7.671 KB     100 rows
. . exported "CLINICA_RESTORE"."PAYMENTS_AUDIT"          8.539 KB       4 rows
. . exported "CLINICA_RESTORE"."appointments_audit"      8.468 KB       2 rows
. . exported "CLINICA_RESTORE"."diagnoses_audit"         8.359 KB       1 rows
. . exported "CLINICA_RESTORE"."doctors_audit"           8.390 KB       2 rows
. . exported "CLINICA_RESTORE"."patients_audit"          8.601 KB       2 rows
. . exported "CLINICA_RESTORE"."recipe_details_audit"    8.437 KB       2 rows
Master table "CLINICA_RESTORE"."SYS_EXPORT_SCHEMA_01" successfully loaded/unloaded
******************************************************************************
Dump file set for CLINICA_RESTORE.SYS_EXPORT_SCHEMA_01 is:
  /opt/oracle/backups/clinica_oracle_backup2.dmp
Job "CLINICA_RESTORE"."SYS_EXPORT_SCHEMA_01" successfully completed at Wed Oct 15 04:18:38 2025 elapsed 0 00:00:20
